<?xml version="1.0" encoding="UTF-8"?>
<!-- Generated by org.testng.reporters.JUnitReportReporter -->
<testsuite hostname="Balaji" name="com.tcs.TestRunner" tests="3" failures="0" timestamp="14 Dec 2021 05:45:40 GMT" time="0.026" errors="0">
  <testcase name="test" time="0.003" classname="com.tcs.TestRunner"/>
  <testcase name="test" time="0.003" classname="com.tcs.TestRunner"/>
  <testcase name="test" time="0.020" classname="com.tcs.TestRunner"/>
</testsuite> <!-- com.tcs.TestRunner -->
