<?xml version="1.0" encoding="UTF-8"?>
<!-- Generated by org.testng.reporters.JUnitReportReporter -->
<testsuite hostname="Balaji" name="com.tcs.TestRunnerTest" tests="1" failures="0" timestamp="14 Dec 2021 05:40:34 GMT" time="0.020" errors="0">
  <testcase name="test" time="0.020" classname="com.tcs.TestRunnerTest"/>
</testsuite> <!-- com.tcs.TestRunnerTest -->
